[ArtifactslogsAndroid_Pixel_3 INFO ] 2020-05-31 13:17:25.599
								Base:236 - log path: Artifacts\logs\Android_Pixel_3
[ArtifactslogsAndroid_Pixel_3 INFO ] 2020-05-31 13:17:25.603
								Base:243 - load config.properties
[ArtifactslogsAndroid_Pixel_3 INFO ] 2020-05-31 13:17:25.603
								Base:248 - load strings/strings.xml
[ArtifactslogsAndroid_Pixel_3 INFO ] 2020-05-31 13:17:25.608
								Base:270 - appUrl isD:\MyWorkspace\appium-java-testng-extentreport/src/test/resources/app/Android.SauceLabs.Mobile.Sample.app.2.2.1.apk
[ArtifactslogsAndroid_Pixel_3 INFO ] 2020-05-31 13:17:40.107
								Base:290 - driver initialized: io.appium.java_client.android.AndroidDriver, Capabilities: {app=D:\MyWorkspace\appium-java-testng-extentreport/src/test/resources/app/Android.SauceLabs.Mobile.Sample.app.2.2.1.apk, appActivity=com.swaglabsmobileapp.SplashActivity, appPackage=com.swaglabsmobileapp, automationName=UiAutomator2, avd=Pixel_3, avdLaunchTimeout=120000, chromeDriverPort=11001, databaseEnabled=false, desired={platformName=android, chromeDriverPort=11001, app=D:\MyWorkspace\appium-java-testng-extentreport/src/test/resources/app/Android.SauceLabs.Mobile.Sample.app.2.2.1.apk, appActivity=com.swaglabsmobileapp.SplashActivity, appPackage=com.swaglabsmobileapp, automationName=UiAutomator2, avd=Pixel_3, avdLaunchTimeout=120000, deviceName=Pixel_3, systemPort=10001, udid=emulator-5554}, deviceApiLevel=28, deviceManufacturer=Google, deviceModel=AOSP on IA Emulator, deviceName=emulator-5554, deviceScreenDensity=440, deviceScreenSize=1080x2160, deviceUDID=emulator-5554, javascriptEnabled=true, locationContextEnabled=false, networkConnectionEnabled=true, pixelRatio=2.75, platform=LINUX, platformName=Android, platformVersion=9, statBarHeight=66, systemPort=10001, takesScreenshot=true, udid=emulator-5554, viewportRect={left=0, top=66, width=1080, height=1962}, warnings={}, webStorageEnabled=false}
[ArtifactslogsAndroid_Pixel_3 INFO ] 2020-05-31 13:17:45.053
								LoginTests:54 - 
****** starting test:invalidPassword******

[ArtifactslogsAndroid_Pixel_3 INFO ] 2020-05-31 13:17:47.484
								Base:342 - login with standard_user
[ArtifactslogsAndroid_Pixel_3 INFO ] 2020-05-31 13:17:49.177
								Base:342 - password is invalidpassword
[ArtifactslogsAndroid_Pixel_3 INFO ] 2020-05-31 13:17:50.316
								Base:330 - press login button
[ArtifactslogsAndroid_Pixel_3 INFO ] 2020-05-31 13:17:52.109
								Base:362 - error text is - Username and password do not match any user in this service.
[ArtifactslogsAndroid_Pixel_3 INFO ] 2020-05-31 13:17:53.042
								Base:147 - video path: Artifacts\Videos\Android_Pixel_3\2020-05-31-13-17-25\LoginTests\invalidPassword.mp4
[ArtifactslogsAndroid_Pixel_3 INFO ] 2020-05-31 13:28:41.050
								Base:243 - log path: Artifacts\logs\Android_Pixel_3
[ArtifactslogsAndroid_Pixel_3 INFO ] 2020-05-31 13:28:41.053
								Base:250 - load config.properties
[ArtifactslogsAndroid_Pixel_3 INFO ] 2020-05-31 13:28:41.054
								Base:255 - load strings/strings.xml
[ArtifactslogsAndroid_Pixel_3 INFO ] 2020-05-31 13:28:41.058
								Base:277 - appUrl isD:\MyWorkspace\appium-java-testng-extentreport/src/test/resources/app/Android.SauceLabs.Mobile.Sample.app.2.2.1.apk
[ArtifactslogsAndroid_Pixel_3 INFO ] 2020-05-31 13:28:55.264
								Base:297 - driver initialized: io.appium.java_client.android.AndroidDriver, Capabilities: {app=D:\MyWorkspace\appium-java-testng-extentreport/src/test/resources/app/Android.SauceLabs.Mobile.Sample.app.2.2.1.apk, appActivity=com.swaglabsmobileapp.SplashActivity, appPackage=com.swaglabsmobileapp, automationName=UiAutomator2, avd=Pixel_3, avdLaunchTimeout=120000, chromeDriverPort=11001, databaseEnabled=false, desired={platformName=android, chromeDriverPort=11001, app=D:\MyWorkspace\appium-java-testng-extentreport/src/test/resources/app/Android.SauceLabs.Mobile.Sample.app.2.2.1.apk, appActivity=com.swaglabsmobileapp.SplashActivity, appPackage=com.swaglabsmobileapp, automationName=UiAutomator2, avd=Pixel_3, avdLaunchTimeout=120000, deviceName=Pixel_3, systemPort=10001, udid=emulator-5554}, deviceApiLevel=28, deviceManufacturer=Google, deviceModel=AOSP on IA Emulator, deviceName=emulator-5554, deviceScreenDensity=440, deviceScreenSize=1080x2160, deviceUDID=emulator-5554, javascriptEnabled=true, locationContextEnabled=false, networkConnectionEnabled=true, pixelRatio=2.75, platform=LINUX, platformName=Android, platformVersion=9, statBarHeight=66, systemPort=10001, takesScreenshot=true, udid=emulator-5554, viewportRect={left=0, top=66, width=1080, height=1962}, warnings={}, webStorageEnabled=false}
[ArtifactslogsAndroid_Pixel_3 INFO ] 2020-05-31 13:29:00.264
								LoginTests:54 - 
****** starting test:invalidPassword******

[ArtifactslogsAndroid_Pixel_3 ERROR] 2020-05-31 13:29:00.578
								TestListener:36 - java.lang.NullPointerException
	at com.helloselenium.tests.LoginTests.invalidPassword(LoginTests.java:72)
	at sun.reflect.NativeMethodAccessorImpl.invoke0(Native Method)
	at sun.reflect.NativeMethodAccessorImpl.invoke(NativeMethodAccessorImpl.java:62)
	at sun.reflect.DelegatingMethodAccessorImpl.invoke(DelegatingMethodAccessorImpl.java:43)
	at java.lang.reflect.Method.invoke(Method.java:498)
	at org.testng.internal.MethodInvocationHelper.invokeMethod(MethodInvocationHelper.java:134)
	at org.testng.internal.TestInvoker.invokeMethod(TestInvoker.java:597)
	at org.testng.internal.TestInvoker.invokeTestMethod(TestInvoker.java:173)
	at org.testng.internal.MethodRunner.runInSequence(MethodRunner.java:46)
	at org.testng.internal.TestInvoker$MethodInvocationAgent.invoke(TestInvoker.java:816)
	at org.testng.internal.TestInvoker.invokeTestMethods(TestInvoker.java:146)
	at org.testng.internal.TestMethodWorker.invokeTestMethods(TestMethodWorker.java:146)
	at org.testng.internal.TestMethodWorker.run(TestMethodWorker.java:128)
	at java.util.ArrayList.forEach(ArrayList.java:1257)
	at org.testng.TestRunner.privateRun(TestRunner.java:766)
	at org.testng.TestRunner.run(TestRunner.java:587)
	at org.testng.SuiteRunner.runTest(SuiteRunner.java:384)
	at org.testng.SuiteRunner.access$000(SuiteRunner.java:28)
	at org.testng.SuiteRunner$SuiteWorker.run(SuiteRunner.java:425)
	at org.testng.internal.thread.ThreadUtil.lambda$execute$0(ThreadUtil.java:68)
	at java.util.concurrent.FutureTask.run(FutureTask.java:266)
	at java.util.concurrent.ThreadPoolExecutor.runWorker(ThreadPoolExecutor.java:1149)
	at java.util.concurrent.ThreadPoolExecutor$Worker.run(ThreadPoolExecutor.java:624)
	at java.lang.Thread.run(Thread.java:748)

[ArtifactslogsAndroid_Pixel_3 INFO ] 2020-05-31 13:29:02.212
								Base:154 - video path: Artifacts\Videos\Android_Pixel_3\2020-05-31-13-28-41\LoginTests\invalidPassword.mp4
[ArtifactslogsAndroid_Pixel_3 INFO ] 2020-05-31 13:36:09.011
								Base:236 - log path: Artifacts\logs\Android_Pixel_3
[ArtifactslogsAndroid_Pixel_3 INFO ] 2020-05-31 13:36:09.062
								Base:243 - load config.properties
[ArtifactslogsAndroid_Pixel_3 INFO ] 2020-05-31 13:36:09.064
								Base:248 - load strings/strings.xml
[ArtifactslogsAndroid_Pixel_3 INFO ] 2020-05-31 13:36:09.083
								Base:270 - appUrl isD:\MyWorkspace\appium-java-testng-extentreport/src/test/resources/app/Android.SauceLabs.Mobile.Sample.app.2.2.1.apk
[ArtifactslogsAndroid_Pixel_3 INFO ] 2020-05-31 13:37:09.530
								Base:290 - driver initialized: io.appium.java_client.android.AndroidDriver, Capabilities: {app=D:\MyWorkspace\appium-java-testng-extentreport/src/test/resources/app/Android.SauceLabs.Mobile.Sample.app.2.2.1.apk, appActivity=com.swaglabsmobileapp.SplashActivity, appPackage=com.swaglabsmobileapp, automationName=UiAutomator2, avd=Pixel_3, avdLaunchTimeout=120000, chromeDriverPort=11001, databaseEnabled=false, desired={platformName=android, chromeDriverPort=11001, app=D:\MyWorkspace\appium-java-testng-extentreport/src/test/resources/app/Android.SauceLabs.Mobile.Sample.app.2.2.1.apk, appActivity=com.swaglabsmobileapp.SplashActivity, appPackage=com.swaglabsmobileapp, automationName=UiAutomator2, avd=Pixel_3, avdLaunchTimeout=120000, deviceName=Pixel_3, systemPort=10001, udid=emulator-5554}, deviceApiLevel=28, deviceManufacturer=Google, deviceModel=AOSP on IA Emulator, deviceName=emulator-5554, deviceScreenDensity=440, deviceScreenSize=1080x2160, deviceUDID=emulator-5554, javascriptEnabled=true, locationContextEnabled=false, networkConnectionEnabled=true, pixelRatio=2.75, platform=LINUX, platformName=Android, platformVersion=9, statBarHeight=66, systemPort=10001, takesScreenshot=true, udid=emulator-5554, viewportRect={left=0, top=66, width=1080, height=1962}, warnings={}, webStorageEnabled=false}
[ArtifactslogsAndroid_Pixel_3 INFO ] 2020-05-31 13:37:18.055
								LoginTests:56 - 
****** starting test:invalidPassword******

[ArtifactslogsAndroid_Pixel_3 INFO ] 2020-05-31 13:37:22.319
								Base:342 - login with standard_user
[ArtifactslogsAndroid_Pixel_3 INFO ] 2020-05-31 13:37:23.592
								Base:342 - password is invalidpassword
[ArtifactslogsAndroid_Pixel_3 INFO ] 2020-05-31 13:37:24.217
								Base:330 - press login button
[ArtifactslogsAndroid_Pixel_3 INFO ] 2020-05-31 13:37:25.613
								Base:362 - error text is - Username and password do not match any user in this service.
[ArtifactslogsAndroid_Pixel_3 INFO ] 2020-05-31 13:37:32.857
								Base:147 - video path: Artifacts\Videos\Android_Pixel_3\2020-05-31-13-36-09\LoginTests\invalidPassword.mp4
